 14:22:03.472 sip_endpoint.c  Module "mod-pjsua-log" registered
 14:22:03.472 sip_endpoint.c  Module "mod-tsx-layer" registered
 14:22:03.472 sip_endpoint.c  Module "mod-stateful-util" registered
 14:22:03.472 sip_endpoint.c  Module "mod-ua" registered
 14:22:03.472 sip_endpoint.c  Module "mod-100rel" registered
 14:22:03.473 sip_endpoint.c  Module "mod-pjsua" registered
 14:22:03.473 sip_endpoint.c  Module "mod-invite" registered
 14:22:03.473      pasound.c  PA message: before paHostApiInitializers[0].

 14:22:03.479      pasound.c  PA message: after paHostApiInitializers[0].

 14:22:03.479      pasound.c  PA message: before paHostApiInitializers[1].

 14:22:03.578      pasound.c  PA message: after paHostApiInitializers[1].

 14:22:03.578      pasound.c  PA message: before paHostApiInitializers[2].

 14:22:03.578      pasound.c  PA message: after paHostApiInitializers[2].

 14:22:03.578      pasound.c  PortAudio sound library initialized, status=0
 14:22:03.578      pasound.c  PortAudio host api count=3
 14:22:03.578      pasound.c  Sound device count=8
 14:22:03.578          pjlib  WinNT IOCP I/O Queue created (08EF68EC)
 14:22:03.578   conference.c  Creating conference bridge with 254 ports
 14:22:03.578   conference.c  Sound device successfully created for port 0
 14:22:03.578 sip_endpoint.c  Module "mod-evsub" registered
 14:22:03.579 sip_endpoint.c  Module "mod-presence" registered
 14:22:03.579        evsub.c  Event pkg "presence" registered by mod-presence
 14:22:03.579 sip_endpoint.c  Module "mod-refer" registered
 14:22:03.579        evsub.c  Event pkg "refer" registered by mod-refer
 14:22:03.579 sip_endpoint.c  Module "mod-pjsua-pres" registered
 14:22:03.579 sip_endpoint.c  Module "mod-pjsua-im" registered
 14:22:03.579 sip_endpoint.c  Module "mod-pjsua-options" registered
 14:22:03.579   pjsua_core.c  1 SIP worker threads created
 14:22:03.579   pjsua_core.c  pjsua version 1.0 for win32 initialized
 14:22:03.650   pjsua_core.c  SIP UDP socket reachable at 172.17.1.21:5060
 14:22:03.652    udp08EF9388  SIP UDP transport started, published address is 172.17.1.21:5060
 14:22:03.652    pjsua_acc.c  Account <sip:172.17.1.21:5060> added with id 0
 14:22:03.653    tcplis:5060  SIP TCP listener ready for incoming connections at 172.17.1.21:5060
 14:22:03.653    pjsua_acc.c  Account <sip:172.17.1.21:5060;transport=TCP> added with id 1
 14:22:03.655  pjsua_media.c  RTP socket reachable at 172.17.1.21:4002
 14:22:03.655  pjsua_media.c  RTCP socket reachable at 172.17.1.21:4003
 14:22:03.663  pjsua_media.c  RTP socket reachable at 172.17.1.21:4004
 14:22:03.663  pjsua_media.c  RTCP socket reachable at 172.17.1.21:4005
 14:22:03.668  pjsua_media.c  RTP socket reachable at 172.17.1.21:4006
 14:22:03.668  pjsua_media.c  RTCP socket reachable at 172.17.1.21:4007
 14:22:03.673  pjsua_media.c  RTP socket reachable at 172.17.1.21:4008
 14:22:03.673  pjsua_media.c  RTCP socket reachable at 172.17.1.21:4009
 14:22:03.673 sip_endpoint.c  Module "My-Module" registered
 14:22:04.250   pjsipDll.cpp  Setting codec (speex/16000/1) prio: 0
 14:22:04.250   pjsipDll.cpp  Setting codec (speex/32000/1) prio: 0
 14:22:04.250   pjsipDll.cpp  Setting codec (GSM/8000/1) prio: 0
 14:22:04.250   pjsipDll.cpp  Setting codec (PCMA/8000/1) prio: 128
 14:22:04.250   pjsipDll.cpp  Setting codec (G722/16000/1) prio: 0
 14:22:04.250   pjsipDll.cpp  Setting codec (GSM/8000/1) prio: 0
 14:22:04.250   pjsipDll.cpp  Setting codec (speex/32000/1) prio: 0
 14:22:04.251   pjsipDll.cpp  Setting codec (speex/16000/1) prio: 0
 14:22:04.251   pjsipDll.cpp  Setting codec (L16/44100/1) prio: 0
 14:22:04.251   pjsipDll.cpp  Setting codec (L16/44100/2) prio: 0
 14:22:04.251   pjsipDll.cpp  Setting codec (L16/8000/1) prio: 0
 14:22:04.251   pjsipDll.cpp  Setting codec (L16/8000/2) prio: 0
 14:22:04.251   pjsipDll.cpp  Setting codec (L16/11025/1) prio: 0
 14:22:04.251   pjsipDll.cpp  Setting codec (L16/11025/2) prio: 0
 14:22:04.251   pjsipDll.cpp  Setting codec (L16/16000/1) prio: 0
 14:22:04.251   pjsipDll.cpp  Setting codec (L16/16000/2) prio: 0
 14:22:04.251   pjsipDll.cpp  Setting codec (L16/22050/1) prio: 0
 14:22:04.252   pjsipDll.cpp  Setting codec (L16/22050/2) prio: 0
 14:22:04.252   pjsipDll.cpp  Setting codec (L16/32000/1) prio: 0
 14:22:04.252   pjsipDll.cpp  Setting codec (L16/32000/2) prio: 0
 14:22:04.252   pjsipDll.cpp  Setting codec (L16/48000/1) prio: 0
 14:22:04.252   pjsipDll.cpp  Setting codec (L16/48000/2) prio: 0
 14:22:18.793    pjsua_acc.c  Account id 0 deleted
 14:22:18.793    pjsua_acc.c  Account id 1 deleted
